   Compiling gp v0.1.0 (/home/chris/projects/rust/gp)
    Finished release [optimized] target(s) in 1.73s
     Running `target/release/gp`
CURRENT NUM THREADS= 8
Run #1
num hits=88
   gen tfid tcid   hits      r      s        a        n      nfr avgRawF
  ----  ---  ---  -----    ---    ---   ------   ------   ------
     0 7999 5608     38     40     40 0.024390 0.000156 0.999926  61.77
     1 7999 6366     38     40     40 0.024390 0.000143 0.999960  75.73
     2 7999 5782     41     37     37 0.026316 0.000154 1.000036  74.64
     3 7999 7802     41     37     37 0.026316 0.000153 0.999962  68.55
     4 7999 6574     44     34     34 0.028571 0.000160 1.000035  48.10
     5 7999 3935     46     32     32 0.030303 0.000159 1.000067  39.79
     6 7999 6336     48     30     30 0.032258 0.000166 0.999989  40.88
     7 7999 4334     55     23     23 0.041667 0.000205 1.000023  43.09
     8 7999 5467     57     21     21 0.045455 0.000210 1.000021  45.39
     9 7999 1003     60     18     18 0.052632 0.000227 1.000020  48.01
    10 7999 7762     60     18     18 0.052632 0.000212 0.999979  51.08
    11 7999 1953     64     14     14 0.066667 0.000246 0.999989  54.13
    12 7999 7358     64     14     14 0.066667 0.000224 1.000034  57.51
    13 7999 3305     65     13     13 0.071429 0.000213 0.999986  59.92
    14 7999 6897     65     13     13 0.071429 0.000192 0.999985  61.79
    15 7999 1628     68     10     10 0.090909 0.000228 0.999983  62.85
    16 7999 5167     68     10     10 0.090909 0.000201 1.000011  64.36
    17 7999 7716     68     10     10 0.090909 0.000190 0.999973  65.20
    18 7999 7398     69      9      9 0.100000 0.000201 0.999921  66.22
    19 7999 1817     70      8      8 0.111111 0.000209 0.999957  66.98
    20 7999 7847     72      6      6 0.142857 0.000249 1.000014  68.03
    21 7999 7919     72      6      6 0.142857 0.000231 0.999989  68.68
    22 7999  852     75      3      3 0.250000 0.000377 1.000041  69.42
    23 7999 3769     75      3      3 0.250000 0.000334 1.000006  70.48
    24 7999 7971     75      3      3 0.250000 0.000287 0.999990  71.54
    25 7999 7939     75      3      3 0.250000 0.000260 0.999991  72.23
    26 7999 7983     75      3      3 0.250000 0.000221 0.999994  72.90
    27 7999 7753     76      2      2 0.333333 0.000236 0.999968  73.88
    28 7999 7491     76      2      2 0.333333 0.000206 0.999981  74.38
    29 7999 2945     77      1      1 0.500000 0.000308 1.000064  74.38
    30 7999 5875     77      1      1 0.500000 0.000304 0.999957  74.34
    31 7999 7866     77      1      1 0.500000 0.000284 1.000051  74.56
    32 7999 7959     77      1      1 0.500000 0.000246 1.000015  75.15
    33 7999 7997     77      1      1 0.500000 0.000218 1.000005  75.40
    34 7999 7999     77      1      1 0.500000 0.000182 0.999955  75.80
    35 7999 7999     77      1      1 0.500000 0.000160 1.000039  76.10
    36 7999 7999     77      1      1 0.500000 0.000162 0.999975  75.98
    37 7999 7999     77      1      1 0.500000 0.000160 0.999962  76.08
    38 7999 7999     77      1      1 0.500000 0.000163 1.000014  76.08
    39 7999 7999     77      1      1 0.500000 0.000161 1.000030  76.09
    40 7999 7999     77      1      1 0.500000 0.000160 0.999916  76.18
    41 7999 7999     77      1      1 0.500000 0.000161 1.000005  76.13
    42 7999 7999     77      1      1 0.500000 0.000159 1.000040  76.14
    43 7999 7999     77      1      1 0.500000 0.000160 0.999943  76.15
    44 7999 7999     77      1      1 0.500000 0.000161 0.999964  76.13
    45 7999 7999     77      1      1 0.500000 0.000160 0.999942  76.11
    46 7999 7995     77      1      1 0.500000 0.000159 1.000076  76.17
    47 7999 7999     77      1      1 0.500000 0.000161 0.999985  76.11
    48 7999 7999     77      1      1 0.500000 0.000160 0.999976  76.14
    49 7999 7999     77      1      1 0.500000 0.000159 1.000059  76.14
    50 7999 7999     77      1      1 0.500000 0.000159 1.000053  76.17
Run #2
num hits=71
   gen tfid tcid   hits      r      s        a        n      nfr avgRawF
  ----  ---  ---  -----    ---    ---   ------   ------   ------
     0 7999 4552     36     42     42 0.023256 0.000149 0.999944  61.98
     1 7999 6970     45     33     33 0.029412 0.000173 1.000077  75.86
     2 7999 5818     45     33     33 0.029412 0.000173 0.999996  75.40
     3 7999 7992     45     33     33 0.029412 0.000172 1.000029  72.72
     4 7999 3086     54     24     24 0.040000 0.000229 0.999977  60.29
     5 7999 3143     54     24     24 0.040000 0.000213 0.999987  42.51
     6 7999 7949     54     24     24 0.040000 0.000189 1.000020  45.57
     7 7999 5178     56     22     22 0.043478 0.000192 1.000002  47.77
     8 7999 4236     57     21     21 0.045455 0.000193 0.999986  48.66
     9 7999 7903     57     21     21 0.045455 0.000173 0.999978  52.87
    10 7999 6504     58     20     20 0.047619 0.000164 1.000047  56.14
    11 7999 6709     59     19     19 0.050000 0.000167 0.999986  56.89
    12 7999 7134     59     19     19 0.050000 0.000158 1.000036  58.14
    13 7999 5291     62     16     16 0.058824 0.000180 1.000079  58.94
    14 7999 7487     63     15     15 0.062500 0.000187 1.000123  59.70
    15 7999 4290     65     13     13 0.071429 0.000208 1.000059  60.31
    16 7999 7133     67     11     11 0.083333 0.000232 1.000047  61.02
    17 7999 7600     67     11     11 0.083333 0.000219 1.000027  62.42
    18 7999 6141     68     10     10 0.090909 0.000221 0.999971  63.69
    19 7999 7612     69      9      9 0.100000 0.000221 0.999974  64.51
    20 7999 5399     71      7      7 0.125000 0.000252 0.999959  66.01
    21 7999 7314     71      7      7 0.125000 0.000230 1.000014  67.17
    22 7999 7959     71      7      7 0.125000 0.000219 1.000009  67.77
    23 7999 7967     71      7      7 0.125000 0.000205 1.000061  68.43
    24 7999 1937     73      5      5 0.166667 0.000246 1.000058  69.11
    25 7999 7822     73      5      5 0.166667 0.000221 0.999950  70.07
    26 7999 7880     73      5      5 0.166667 0.000206 1.000013  70.70
    27 7999 4689     74      4      4 0.200000 0.000245 0.999947  70.88
    28 7999 6463     74      4      4 0.200000 0.000233 0.999936  71.23
    29 7999 7471     74      4      4 0.200000 0.000203 0.999907  72.17
    30 7999 2620     75      3      3 0.250000 0.000230 1.000006  72.80
    31 7999 6881     75      3      3 0.250000 0.000219 1.000011  73.09
    32 7999 7878     75      3      3 0.250000 0.000202 0.999969  73.50
    33 7999 7996     75      3      3 0.250000 0.000201 1.000091  73.65
    34 7999 3845     76      2      2 0.333333 0.000260 0.999988  73.74
    35 7999 7864     76      2      2 0.333333 0.000245 1.000041  73.95
    36 7999 7981     76      2      2 0.333333 0.000219 1.000086  74.30
    37 7999 7875     76      2      2 0.333333 0.000210 0.999967  74.34
    38 7999 4073     77      1      1 0.500000 0.000298 1.000038  74.56
    39 7999 7105     77      1      1 0.500000 0.000264 1.000013  74.93
    40 7999 7965     77      1      1 0.500000 0.000247 0.999923  75.06
    41 7999 7968     77      1      1 0.500000 0.000240 0.999955  75.16
    42 7999 7976     77      1      1 0.500000 0.000228 0.999973  75.24
win=1, run=2, gen=43, effort=759067, S=483
num hits=78
tfid tcid   hits      r      s        a        n      nfr
 ---  ---  -----    ---    ---   ------   ------   ------
   0    0     78      0      0 1.000000 -1.000000 -1.000000  -1.00
-------------tree (None/0)----------------
nFunctions = Some(254)
nTerminals= Some(229)

-------------------

Function Def ADF0:

(OR NE N)
-------------------

Function Def ADF1:

(AND
  (OR
    (OR
      (OR N N)
      (NOT N))
    (AND
      (OR
        (OR
          (OR N N)
          (NOT N))
        (AND
          (NOT NW)
          (OR W NW)))
      (OR W NW)))
  (NOT
    (AND
      (OR S NE)
      (NOT S)))
)
-------------------

Function Def ADF2:

(OR
  (NOT S)
  (AND SW SE)
)
-------------------

Function Def ADF3:

(OR
  (AND
    (OR
      (AND X S)
      (NOT
        (NOT SE)))
    (AND
      (OR X S)
      (NOT S)))
  (AND
    (AND
      (AND
        (AND
          (AND SW E)
          (OR NE
            (AND
              (AND
                (OR X S)
                (AND
                  (OR
                    (AND X S)
                    (NOT
                      (NOT SE)))
                  (NOT SE)))
              (OR
                (AND X NW) E))))
        (OR
          (AND X NW)
          (NOT SW)))
      (NOT SE))
    (OR
      (AND X NW)
      (AND
        (AND
          (OR
            (AND X S)
            (OR X S))
          (AND
            (OR X S)
            (NOT S)))
        (NOT SE))))
)
-------------------

Function Def ADF4:

(OR NW S)
-------------------

Result Branch0:

(AND
  (IF
    (IF
      (NOT
        (IF GON GOSW W))
      (OR SE X)
      (AND SE GOS))
    (IF
      (NOT GOS)
      (HOMING GOSE)
      (IF GOSE GON GONW))
    (OR S GOW))
  (OR
    (IF
      (OR NE W)
      (NOT GON)
      (IF
        (IF
          (IF
            (OR NE W)
            (NOT GON)
            (IF
              (IF
                (IF
                  (AND GOSW GON)
                  (IF I GOSE NW)
                  (AND GOE N))
                (NOT
                  (NOT S))
                (IF
                  (HOMING GONW)
                  (HOMING GOSE)
                  (HOMING GONE)))
              (OR
                (NOT
                  (IF GOS GONW GOE))
                (HOMING
                  (HOMING GOSE)))
              (OR
                (HOMING
                  (OR S GOW))
                (NOT
                  (HOMING
                    (NOT S))))))
          (NOT
            (NOT S))
          (IF
            (HOMING GONW)
            (OR NW NIL)
            (IF
              (OR NE W)
              (NOT GON)
              (IF
                (IF
                  (IF
                    (AND GOSW GON)
                    (IF
                      (AND GOE N) GOSE NW)
                    (AND GOE N))
                  (NOT
                    (IF
                      (HOMING GONW)
                      (OR NW NIL)
                      (HOMING GONE)))
                  (IF
                    (HOMING GONW)
                    (OR NW NIL)
                    (HOMING GONE)))
                (OR
                  (NOT
                    (IF GOS GONW GOE))
                  (HOMING
                    (HOMING GOSE)))
                (OR
                  (HOMING
                    (OR S GOW))
                  (NOT
                    (HOMING N)))))))
        (OR
          (NOT
            (IF GOS GONW GOE))
          (HOMING
            (HOMING GOSE)))
        (OR NW NIL)))
    (OR
      (OR
        (HOMING
          (HOMING
            (IF
              (NOT
                (IF GON GOSW W))
              (OR SE NW)
              (AND SE GOS))))
        (IF
          (IF
            (NOT
              (IF GOS GONW GOE))
            (OR
              (HOMING
                (OR S GOW))
              (IF
                (IF
                  (OR NE W)
                  (NOT
                    (HOMING
                      (HOMING GOSE)))
                  (IF
                    (IF
                      (IF
                        (AND
                          (IF GON GOSW W)
                          (OR NE GONW))
                        (IF I GOSE NW)
                        (AND GOE N))
                      (NOT
                        (NOT S))
                      (IF
                        (HOMING GONW)
                        (IF
                          (NOT
                            (IF
                              (AND GOSW GON)
                              (IF I GOSE NW)
                              (AND GOE N)))
                          (OR SE X)
                          (AND SE GOS))
                        (HOMING GONE)))
                    (OR
                      (NOT
                        (IF GOS GONW GOE))
                      (HOMING
                        (HOMING GOSE)))
                    (OR
                      (HOMING
                        (OR S GOW))
                      (NOT
                        (HOMING
                          (NOT S))))))
                (NOT
                  (NOT S))
                (IF
                  (HOMING GONW)
                  (IF
                    (IF
                      (NOT
                        (IF GON GOSW W))
                      (OR SE X)
                      (AND SE GOS))
                    (IF
                      (NOT GOS)
                      (HOMING GOSE)
                      (IF GOSE GON GONW))
                    (OR S GOW))
                  (IF
                    (OR NE W)
                    (NOT GON)
                    (IF
                      (IF
                        (IF
                          (AND GOSW GON)
                          (IF I GOSE NW)
                          (AND GOE N))
                        (NOT
                          (IF
                            (HOMING GONW)
                            (OR NW NIL)
                            (HOMING GONE)))
                        (IF
                          (HOMING GONW)
                          (OR NW NIL)
                          (HOMING GONE)))
                      (OR
                        (NOT
                          (IF GOS GONW GOE))
                        (HOMING
                          (HOMING GOSE)))
                      (OR
                        (HOMING
                          (OR S GOW))
                        (NOT
                          (HOMING N))))))))
            (AND SE GOS))
          (IF
            (NOT GOS)
            (HOMING GOSE)
            (IF GOSE GON GONW))
          (AND
            (IF GON GOSW W)
            (OR NE GONW))))
      (IF L GONW I)))
)
Have Winner
Run #1
num hits=225
   gen tfid tcid   hits      r      s        a        n      nfr avgRawF
  ----  ---  ---  -----    ---    ---   ------   ------   ------
     0 7999 5368     33     45     45 0.021739 0.000139 0.999967  61.76
     1 7999 6500     33     45     45 0.021739 0.000128 0.999970  75.89
     2 7999 7858     33     45     45 0.021739 0.000128 0.999988  75.78
     3 7999 4948     35     43     43 0.022727 0.000134 1.000069  75.20
     4 7999 7605     35     43     43 0.022727 0.000133 1.000041  71.90
     5 7999 1394     39     39     39 0.025000 0.000146 0.999955  56.86
     6 7999 7099     39     39     39 0.025000 0.000145 0.999984  37.38
     7 7999 2053     41     37     37 0.026316 0.000151 0.999976  37.15
     8 7999 5942     43     35     35 0.027778 0.000153 0.999997  38.68
     9 7999 4860     48     30     30 0.032258 0.000171 1.000045  40.70
    10 7999 6954     48     30     30 0.032258 0.000165 1.000085  41.81
    11 7999 7542     51     27     27 0.035714 0.000179 1.000005  42.96
    12 7999 1237     54     24     24 0.040000 0.000192 1.000000  44.86
    13 7999 7557     54     24     24 0.040000 0.000182 1.000016  47.21
    14 7999 7486     54     24     24 0.040000 0.000170 1.000061  49.08
    15 7999 7866     54     24     24 0.040000 0.000160 1.000027  50.90
    16 7999 6356     60     18     18 0.052632 0.000200 0.999926  53.83
    17 7999 3239     60     18     18 0.052632 0.000192 0.999971  55.44
